<?xml version="1.0" encoding="UTF-8"?>
<testsuite name="com.example.encryption_demo.EncryptionDemoApplicationTests" tests="1" skipped="0" failures="0" errors="0" timestamp="2025-10-18T11:02:44.866Z" hostname="DESKTOP-8TTT6UL" time="0.497">
  <properties/>
  <testcase name="contextLoads()" classname="com.example.encryption_demo.EncryptionDemoApplicationTests" time="0.497"/>
  <system-out><![CDATA[13:02:43.424 [Test worker] INFO org.springframework.test.context.support.AnnotationConfigContextLoaderUtils -- Could not detect default configuration classes for test class [com.example.encryption_demo.EncryptionDemoApplicationTests]: EncryptionDemoApplicationTests does not declare any static, non-private, non-final, nested classes annotated with @Configuration.
13:02:43.544 [Test worker] INFO org.springframework.boot.test.context.SpringBootTestContextBootstrapper -- Found @SpringBootConfiguration com.example.encryption_demo.EncryptionDemoApplication for test class com.example.encryption_demo.EncryptionDemoApplicationTests

  .   ____          _            __ _ _
 /\\ / ___'_ __ _ _(_)_ __  __ _ \ \ \ \
( ( )\___ | '_ | '_| | '_ \/ _` | \ \ \ \
 \\/  ___)| |_)| | | | | || (_| |  ) ) ) )
  '  |____| .__|_| |_|_| |_\__, | / / / /
 =========|_|==============|___/=/_/_/_/

 :: Spring Boot ::                (v3.5.6)

2025-10-18T13:02:43.923+02:00  INFO 17780 --- [encryption-demo] [    Test worker] c.e.e.EncryptionDemoApplicationTests     : Starting EncryptionDemoApplicationTests using Java 17.0.16 with PID 17780 (started by Gebruiker in C:\School\Demo\Java\java-demo)
2025-10-18T13:02:43.925+02:00  INFO 17780 --- [encryption-demo] [    Test worker] c.e.e.EncryptionDemoApplicationTests     : No active profile set, falling back to 1 default profile: "default"
2025-10-18T13:02:44.855+02:00  INFO 17780 --- [encryption-demo] [    Test worker] c.e.e.EncryptionDemoApplicationTests     : Started EncryptionDemoApplicationTests in 1.191 seconds (process running for 2.103)
]]></system-out>
  <system-err><![CDATA[]]></system-err>
</testsuite>
